<?xml version="1.0" encoding="UTF-8"?>
<testng-results skipped="0" failed="1" ignored="0" total="4" passed="3">
  <reporter-output>
  </reporter-output>
  <suite name="Suite" duration-ms="18027" started-at="2020-10-26T12:36:18 EDT" finished-at="2020-10-26T12:36:36 EDT">
    <groups>
    </groups>
    <test name="AppTest" duration-ms="32" started-at="2020-10-26T12:36:18 EDT" finished-at="2020-10-26T12:36:18 EDT">
      <class name="Academy.E2Eframeworkproject.AppTest">
        <test-method status="FAIL" signature="testApp()[pri:0, instance:Academy.E2Eframeworkproject.AppTest@cb0755b]" name="testApp" duration-ms="7" started-at="2020-10-26T12:36:18 EDT" finished-at="2020-10-26T12:36:18 EDT">
          <exception class="java.lang.AssertionError">
            <full-stacktrace>
              <![CDATA[java.lang.AssertionError: 
at org.testng.AssertJUnit.fail(AssertJUnit.java:65)
at org.testng.AssertJUnit.assertTrue(AssertJUnit.java:23)
at org.testng.AssertJUnit.assertTrue(AssertJUnit.java:33)
at Academy.E2Eframeworkproject.AppTest.testApp(AppTest.java:26)
at sun.reflect.NativeMethodAccessorImpl.invoke0(Native Method)
at sun.reflect.NativeMethodAccessorImpl.invoke(NativeMethodAccessorImpl.java:62)
at sun.reflect.DelegatingMethodAccessorImpl.invoke(DelegatingMethodAccessorImpl.java:43)
at java.lang.reflect.Method.invoke(Method.java:498)
at org.testng.internal.MethodInvocationHelper.invokeMethod(MethodInvocationHelper.java:132)
at org.testng.internal.TestInvoker.invokeMethod(TestInvoker.java:599)
at org.testng.internal.TestInvoker.invokeTestMethod(TestInvoker.java:174)
at org.testng.internal.MethodRunner.runInSequence(MethodRunner.java:46)
at org.testng.internal.TestInvoker$MethodInvocationAgent.invoke(TestInvoker.java:822)
at org.testng.internal.TestInvoker.invokeTestMethods(TestInvoker.java:147)
at org.testng.internal.TestMethodWorker.invokeTestMethods(TestMethodWorker.java:146)
at org.testng.internal.TestMethodWorker.run(TestMethodWorker.java:128)
at java.util.ArrayList.forEach(ArrayList.java:1257)
at org.testng.TestRunner.privateRun(TestRunner.java:764)
at org.testng.TestRunner.run(TestRunner.java:585)
at org.testng.SuiteRunner.runTest(SuiteRunner.java:384)
at org.testng.SuiteRunner.access$000(SuiteRunner.java:28)
at org.testng.SuiteRunner$SuiteWorker.run(SuiteRunner.java:425)
at org.testng.internal.thread.ThreadUtil.lambda$execute$0(ThreadUtil.java:66)
at java.util.concurrent.FutureTask.run(FutureTask.java:266)
at java.util.concurrent.ThreadPoolExecutor.runWorker(ThreadPoolExecutor.java:1149)
at java.util.concurrent.ThreadPoolExecutor$Worker.run(ThreadPoolExecutor.java:624)
at java.lang.Thread.run(Thread.java:748)
]]>
            </full-stacktrace>
          </exception> <!-- java.lang.AssertionError -->
          <reporter-output>
          </reporter-output>
        </test-method> <!-- testApp -->
      </class> <!-- Academy.E2Eframeworkproject.AppTest -->
    </test> <!-- AppTest -->
    <test name="validateNavigationBar" duration-ms="10136" started-at="2020-10-26T12:36:18 EDT" finished-at="2020-10-26T12:36:28 EDT">
      <class name="Academy.E2Eframeworkproject.validateNavigationBar">
        <test-method status="PASS" signature="initialize()[pri:0, instance:Academy.E2Eframeworkproject.validateNavigationBar@17f9d882]" name="initialize" is-config="true" duration-ms="1659" started-at="2020-10-26T12:36:18 EDT" finished-at="2020-10-26T12:36:19 EDT">
          <reporter-output>
          </reporter-output>
        </test-method> <!-- initialize -->
        <test-method status="PASS" signature="basePageNavigation()[pri:0, instance:Academy.E2Eframeworkproject.validateNavigationBar@17f9d882]" name="basePageNavigation" duration-ms="7658" started-at="2020-10-26T12:36:19 EDT" finished-at="2020-10-26T12:36:27 EDT">
          <reporter-output>
          </reporter-output>
        </test-method> <!-- basePageNavigation -->
        <test-method status="PASS" signature="teardown()[pri:0, instance:Academy.E2Eframeworkproject.validateNavigationBar@17f9d882]" name="teardown" is-config="true" duration-ms="58" started-at="2020-10-26T12:36:28 EDT" finished-at="2020-10-26T12:36:28 EDT">
          <reporter-output>
          </reporter-output>
        </test-method> <!-- teardown -->
      </class> <!-- Academy.E2Eframeworkproject.validateNavigationBar -->
    </test> <!-- validateNavigationBar -->
    <test name="validating titile in the page" duration-ms="16980" started-at="2020-10-26T12:36:18 EDT" finished-at="2020-10-26T12:36:35 EDT">
      <class name="Academy.E2Eframeworkproject.validateTitle">
        <test-method status="PASS" signature="initialize()[pri:0, instance:Academy.E2Eframeworkproject.validateTitle@53045c6c]" name="initialize" is-config="true" duration-ms="9845" started-at="2020-10-26T12:36:18 EDT" finished-at="2020-10-26T12:36:28 EDT">
          <reporter-output>
          </reporter-output>
        </test-method> <!-- initialize -->
        <test-method status="PASS" signature="basePageNavigation()[pri:0, instance:Academy.E2Eframeworkproject.validateTitle@53045c6c]" name="basePageNavigation" duration-ms="6414" started-at="2020-10-26T12:36:28 EDT" finished-at="2020-10-26T12:36:34 EDT">
          <reporter-output>
          </reporter-output>
        </test-method> <!-- basePageNavigation -->
      </class> <!-- Academy.E2Eframeworkproject.validateTitle -->
    </test> <!-- validating titile in the page -->
    <test name="validating user login" duration-ms="18027" started-at="2020-10-26T12:36:18 EDT" finished-at="2020-10-26T12:36:36 EDT">
      <class name="Academy.E2Eframeworkproject.HomePage">
        <test-method status="PASS" signature="basePageNavigation(java.lang.String, java.lang.String)[pri:0, instance:Academy.E2Eframeworkproject.HomePage@2e8c1c9b]" name="basePageNavigation" duration-ms="17532" started-at="2020-10-26T12:36:18 EDT" data-provider="getData" finished-at="2020-10-26T12:36:35 EDT">
          <params>
            <param index="0">
              <value>
                <![CDATA[grace@qaclick.com]]>
              </value>
            </param>
            <param index="1">
              <value>
                <![CDATA[kiru]]>
              </value>
            </param>
          </params>
          <reporter-output>
          </reporter-output>
        </test-method> <!-- basePageNavigation -->
        <test-method status="PASS" signature="teardown()[pri:0, instance:Academy.E2Eframeworkproject.HomePage@2e8c1c9b]" name="teardown" is-config="true" duration-ms="55" started-at="2020-10-26T12:36:36 EDT" finished-at="2020-10-26T12:36:36 EDT">
          <reporter-output>
          </reporter-output>
        </test-method> <!-- teardown -->
      </class> <!-- Academy.E2Eframeworkproject.HomePage -->
    </test> <!-- validating user login -->
  </suite> <!-- Suite -->
</testng-results>
